<?xml version="1.0" encoding="UTF-8"?>
<!-- Generated by org.testng.reporters.JUnitReportReporter -->
<testsuite hostname="DESKTOP-L5GCLGE" failures="0" tests="1" name="Batch1.Class3" time="42.057" errors="0" timestamp="2024-02-28T13:07:27 IST" skipped="0">
  <testcase classname="Batch1.Class3" name="flipkart" time="42.057">
    <system-out>
      <![CDATA[flipkart]]>
    </system-out>
  </testcase> <!-- flipkart -->
  <system-out>
    <![CDATA[nike
google
flipkart
redbus
myntra
amazon
redtape
campus
adidas
mmt]]>
  </system-out>
</testsuite> <!-- Batch1.Class3 -->
