<?xml version="1.0" encoding="UTF-8"?>
<!-- Generated by org.testng.reporters.JUnitReportReporter -->
<testsuite hostname="DESKTOP-L5GCLGE" failures="0" tests="1" name="Assertions.AssertTureMethod" time="8.727" errors="0" timestamp="2024-03-05T12:59:51 IST" skipped="0">
  <testcase classname="Assertions.AssertTureMethod" name="java" time="8.727"/>
</testsuite> <!-- Assertions.AssertTureMethod -->
