<?xml version="1.0" encoding="UTF-8"?>
<!-- Generated by org.testng.reporters.JUnitReportReporter -->
<testsuite hostname="DESKTOP-L5GCLGE" failures="0" tests="2" name="Basics.DependsOnMethods" time="22.192" errors="0" timestamp="2024-02-27T14:39:54 IST" skipped="0">
  <testcase classname="Basics.DependsOnMethods" name="dws" time="5.142">
    <system-out>
      <![CDATA[dws]]>
    </system-out>
  </testcase> <!-- dws -->
  <testcase classname="Basics.DependsOnMethods" name="csk" time="17.050">
    <system-out>
      <![CDATA[csk]]>
    </system-out>
  </testcase> <!-- csk -->
  <system-out>
    <![CDATA[csk
dws]]>
  </system-out>
</testsuite> <!-- Basics.DependsOnMethods -->
