<?xml version="1.0" encoding="UTF-8"?>
<!-- Generated by org.testng.reporters.JUnitReportReporter -->
<testsuite hostname="DESKTOP-L5GCLGE" failures="0" tests="1" name="ChronogicalOrder.ChronogicalOrder" time="9.684" errors="0" timestamp="2024-02-29T12:56:54 IST" skipped="0">
  <testcase classname="ChronogicalOrder.ChronogicalOrder" name="AddToCart" time="9.684"/>
</testsuite> <!-- ChronogicalOrder.ChronogicalOrder -->
