<?xml version="1.0" encoding="UTF-8"?>
<!-- Generated by org.testng.reporters.JUnitReportReporter -->
<testsuite hostname="DESKTOP-L5GCLGE" failures="0" tests="1" name="Basics.New" time="11.485" errors="0" timestamp="2024-02-27T14:36:41 IST" skipped="0">
  <testcase classname="Basics.New" name="open" time="11.485">
    <system-out>
      <![CDATA[hello]]>
    </system-out>
  </testcase> <!-- open -->
  <system-out>
    <![CDATA[hello]]>
  </system-out>
</testsuite> <!-- Basics.New -->
