<?xml version="1.0" encoding="UTF-8"?>
<!-- Generated by org.testng.reporters.JUnitReportReporter -->
<testsuite hostname="DESKTOP-L5GCLGE" failures="0" tests="2" name="Basics.DwsLogin" time="13.481" errors="0" timestamp="2024-02-29T15:20:30 IST" skipped="0">
  <testcase classname="Basics.DwsLogin" name="login" time="8.660"/>
  <testcase classname="Basics.DwsLogin" name="login" time="4.821"/>
</testsuite> <!-- Basics.DwsLogin -->
