<?xml version="1.0" encoding="UTF-8"?>
<!-- Generated by org.testng.reporters.JUnitReportReporter -->
<testsuite hostname="DESKTOP-L5GCLGE" failures="0" tests="1" name="Assertions.HardAssert" time="7.332" errors="0" timestamp="2024-03-05T11:50:26 IST" skipped="0">
  <testcase classname="Assertions.HardAssert" name="dws" time="7.332"/>
</testsuite> <!-- Assertions.HardAssert -->
