<?xml version="1.0" encoding="UTF-8"?>
<!-- Generated by org.testng.reporters.JUnitReportReporter -->
<testsuite hostname="DESKTOP-L5GCLGE" failures="0" tests="1" name="Batch2.Class9" time="41.712" errors="0" timestamp="2024-02-28T13:07:27 IST" skipped="0">
  <testcase classname="Batch2.Class9" name="nike" time="41.712">
    <system-out>
      <![CDATA[adidas]]>
    </system-out>
  </testcase> <!-- nike -->
  <system-out>
    <![CDATA[nike
google
flipkart
redbus
myntra
amazon
redtape
campus
adidas
mmt]]>
  </system-out>
</testsuite> <!-- Batch2.Class9 -->
