<?xml version="1.0" encoding="UTF-8"?>
<!-- Generated by org.testng.reporters.JUnitReportReporter -->
<testsuite hostname="DESKTOP-L5GCLGE" failures="0" tests="1" name="Batch1.Class1" time="4.232" errors="0" timestamp="2024-02-28T14:53:38 IST" skipped="0">
  <testcase classname="Batch1.Class1" name="amazon" time="4.232">
    <system-out>
      <![CDATA[amazon]]>
    </system-out>
  </testcase> <!-- amazon -->
  <system-out>
    <![CDATA[amazon]]>
  </system-out>
</testsuite> <!-- Batch1.Class1 -->
