<?xml version="1.0" encoding="UTF-8"?>
<!-- Generated by org.testng.reporters.JUnitReportReporter -->
<testsuite hostname="DESKTOP-L5GCLGE" failures="0" tests="1" name="Batch1.Class5" time="42.172" errors="0" timestamp="2024-02-28T13:07:27 IST" skipped="0">
  <testcase classname="Batch1.Class5" name="campus" time="42.172">
    <system-out>
      <![CDATA[campus]]>
    </system-out>
  </testcase> <!-- campus -->
  <system-out>
    <![CDATA[nike
google
flipkart
redbus
myntra
amazon
redtape
campus
adidas
mmt]]>
  </system-out>
</testsuite> <!-- Batch1.Class5 -->
