<?xml version="1.0" encoding="UTF-8"?>
<!-- Generated by org.testng.reporters.JUnitReportReporter -->
<testsuite hostname="DESKTOP-L5GCLGE" failures="0" tests="1" name="POM.ExecuteDwsHomePage" time="7.133" errors="0" timestamp="2024-03-04T12:24:50 IST" skipped="0">
  <testcase classname="POM.ExecuteDwsHomePage" name="simple" time="7.133"/>
</testsuite> <!-- POM.ExecuteDwsHomePage -->
